ln: failed to create symbolic link './xscale.hkl': File exists


#                       get_cc_mtz_pdb
#
# Get correlation between atoms in a PDB file and map 
# offsetting the PDB file by allowed origin shifts

# Type phenix.doc for help
Values of all params:
get_cc_mtz_pdb {
  pdb_in = "/user/target/Staff/kuntaro/181010-hattori/_kamoproc/merge_ccc_2.0S_Se/cc_2.31A_final/cluster_1312/run_03/ccp4/refine_001.pdb"
  atom_selection = None
  mtz_in = "./phs.mtz"
  map_in = None
  labin = ""
  offset_pdb_suffix = "offset"
  resolution = None
  use_only_refl_present_in_mtz = False
  scale = False
  split_conformers = False
  use_cc_mask = None
  fix_xyz = False
  fix_rad_max = False
  rad_max = None
  any_offset = False
  chain_type = *PROTEIN DNA RNA
  temp_dir = "temp_dir"
  output_dir = ""
  gui_output_dir = None
  verbose = True
  quick = False
  raise_sorry = False
  debug = False
  dry_run = False
  resolve_command_list = None
  job_title = None
}
Get_cc_mtz_pdb: correlation of map and model allowing origin offsets
Copied as PDB temp_dir/TEMP_refine_001.pdb 
Map from:  TEMP_phs.mtz  using labin  FP=FP PHIB=PHIB FOM=FOM 
Model from:  TEMP_refine_001.pdb
LABIN LINE:  FP=FP PHIB=PHIB FOM=FOM 
Offsetting  TEMP_refine_001.pdb  to match  TEMP_phs.mtz
Getting FC from self.pdb...
FC is in  temp_dir/resolve.mtz
Copying  temp_dir/TEMP_refine_001.pdb  to  temp_dir/refine_001_offset.pdb  but inserting coords from  temp_dir/resolve.pdb
Offset pdb file is in  refine_001_offset.pdb
Getting CC of  TEMP_refine_001.pdb  (offset to  refine_001_offset.pdb ) to match  TEMP_phs.mtz
Detailed analysis of correlation of map and model are in:  cc.log
Offset PDB file is in refine_001_offset.pdb

Correlation in region of model:  0.078 ...overall:  0.052
Translation applied: (28.73, 41.64, 0.00) A
overall CC:  0.052
local CC:  0.078

Citations for get_cc_mtz_pdb:

Liebschner D, Afonine PV, Baker ML, Bunkóczi G, Chen VB, Croll TI, Hintze B,
Hung LW, Jain S, McCoy AJ, Moriarty NW, Oeffner RD, Poon BK, Prisant MG, Read
RJ, Richardson JS, Richardson DC, Sammito MD, Sobolev OV, Stockwell DH,
Terwilliger TC, Urzhumtsev AG, Videau LL, Williams CJ, Adams PD. (2019)
Macromolecular structure determination using X-rays, neutrons and electrons:
recent developments in Phenix. Acta Cryst. D75:861-877.



#                       get_cc_mtz_pdb
#
# Get correlation between atoms in a PDB file and map 
# offsetting the PDB file by allowed origin shifts

# Type phenix.doc for help
Values of all params:
get_cc_mtz_pdb {
  pdb_in = "/user/target/Staff/kuntaro/181010-hattori/_kamoproc/merge_ccc_2.0S_Se/cc_2.31A_final/cluster_1312/run_03/ccp4/refine_001.pdb"
  atom_selection = None
  mtz_in = "./phs_i.mtz"
  map_in = None
  labin = ""
  offset_pdb_suffix = "offset"
  resolution = None
  use_only_refl_present_in_mtz = False
  scale = False
  split_conformers = False
  use_cc_mask = None
  fix_xyz = False
  fix_rad_max = False
  rad_max = None
  any_offset = False
  chain_type = *PROTEIN DNA RNA
  temp_dir = "temp_dir"
  output_dir = ""
  gui_output_dir = None
  verbose = True
  quick = False
  raise_sorry = False
  debug = False
  dry_run = False
  resolve_command_list = None
  job_title = None
}
Get_cc_mtz_pdb: correlation of map and model allowing origin offsets
Copied as PDB temp_dir/TEMP_refine_001.pdb 
Map from:  TEMP_phs_i.mtz  using labin  FP=FP PHIB=PHIB FOM=FOM 
Model from:  TEMP_refine_001.pdb
LABIN LINE:  FP=FP PHIB=PHIB FOM=FOM 
Offsetting  TEMP_refine_001.pdb  to match  TEMP_phs_i.mtz
Getting FC from self.pdb...
FC is in  temp_dir/resolve.mtz
Copying  temp_dir/TEMP_refine_001.pdb  to  temp_dir/refine_001_offset.pdb  but inserting coords from  temp_dir/resolve.pdb
Offset pdb file is in  refine_001_offset.pdb
Getting CC of  TEMP_refine_001.pdb  (offset to  refine_001_offset.pdb ) to match  TEMP_phs_i.mtz
Detailed analysis of correlation of map and model are in:  cc.log
Offset PDB file is in refine_001_offset.pdb

Correlation in region of model:  0.227 ...overall:  0.191
Translation applied: (0.00, 41.64, 49.34) A
overall CC:  0.191
local CC:  0.227

Citations for get_cc_mtz_pdb:

Liebschner D, Afonine PV, Baker ML, Bunkóczi G, Chen VB, Croll TI, Hintze B,
Hung LW, Jain S, McCoy AJ, Moriarty NW, Oeffner RD, Poon BK, Prisant MG, Read
RJ, Richardson JS, Richardson DC, Sammito MD, Sobolev OV, Stockwell DH,
Terwilliger TC, Urzhumtsev AG, Videau LL, Williams CJ, Adams PD. (2019)
Macromolecular structure determination using X-rays, neutrons and electrons:
recent developments in Phenix. Acta Cryst. D75:861-877.

